<?xml version="1.0" encoding="UTF-8"?>
<!-- Generated by org.testng.reporters.JUnitReportReporter -->
<testsuite hostname="DESKTOP-K0ITVV0" failures="0" tests="2" name="crm.vtiger.module.CreateContactTest" time="0.012" errors="0" timestamp="2022-03-23T20:08:24 IST" skipped="0">
  <testcase classname="crm.vtiger.module.CreateContactTest" name="createCon" time="0.010"/>
  <system-out/>
  <testcase classname="crm.vtiger.module.CreateContactTest" name="createProduct" time="0.002"/>
  <system-out/>
</testsuite> <!-- crm.vtiger.module.CreateContactTest -->
