<?xml version="1.0" encoding="UTF-8"?>
<!-- Generated by org.testng.reporters.JUnitReportReporter -->
<testsuite hostname="DESKTOP-K0ITVV0" failures="0" tests="1" name="crm.vtiger.module.CreateQuatationTest" time="0.013" errors="0" timestamp="2022-03-23T20:08:15 IST" skipped="0">
  <testcase classname="crm.vtiger.module.CreateQuatationTest" name="createProduct" time="0.013"/>
  <system-out/>
</testsuite> <!-- crm.vtiger.module.CreateQuatationTest -->
